  enemy.cpp
  game.cpp
  main.cpp
  mainmenu.cpp
  player.cpp
E:\coding\project\sfmlproj\sfmlproj\player.cpp(130,29): warning C4244: '=': conversion from 'float' to 'T', possible loss of data
          with
          [
              T=int
          ]
E:\coding\project\sfmlproj\sfmlproj\player.cpp(131,31): warning C4244: '+=': conversion from 'float' to 'T', possible loss of data
          with
          [
              T=int
          ]
E:\coding\project\sfmlproj\sfmlproj\player.cpp(143,29): warning C4244: '=': conversion from 'float' to 'T', possible loss of data
          with
          [
              T=int
          ]
E:\coding\project\sfmlproj\sfmlproj\player.cpp(144,31): warning C4244: '+=': conversion from 'float' to 'T', possible loss of data
          with
          [
              T=int
          ]
E:\coding\project\sfmlproj\sfmlproj\player.cpp(158,29): warning C4244: '=': conversion from 'float' to 'T', possible loss of data
          with
          [
              T=int
          ]
E:\coding\project\sfmlproj\sfmlproj\player.cpp(159,31): warning C4244: '+=': conversion from 'float' to 'T', possible loss of data
          with
          [
              T=int
          ]
E:\coding\project\sfmlproj\sfmlproj\player.cpp(173,29): warning C4244: '=': conversion from 'float' to 'T', possible loss of data
          with
          [
              T=int
          ]
E:\coding\project\sfmlproj\sfmlproj\player.cpp(174,31): warning C4244: '+=': conversion from 'float' to 'T', possible loss of data
          with
          [
              T=int
          ]
E:\coding\project\sfmlproj\sfmlproj\player.cpp(188,29): warning C4244: '=': conversion from 'float' to 'T', possible loss of data
          with
          [
              T=int
          ]
E:\coding\project\sfmlproj\sfmlproj\player.cpp(189,31): warning C4244: '+=': conversion from 'float' to 'T', possible loss of data
          with
          [
              T=int
          ]
  puzzle.cpp
E:\coding\project\sfmlproj\sfmlproj\puzzle.cpp(116,50): warning C4244: 'argument': conversion from 'int' to 'float', possible loss of data
E:\coding\project\sfmlproj\sfmlproj\puzzle.cpp(116,41): warning C4244: 'argument': conversion from 'int' to 'float', possible loss of data
E:\coding\project\sfmlproj\sfmlproj\puzzle.cpp(119,49): warning C4244: '+=': conversion from 'float' to 'int', possible loss of data
E:\coding\project\sfmlproj\sfmlproj\puzzle.cpp(154,51): warning C4244: 'argument': conversion from 'int' to 'float', possible loss of data
E:\coding\project\sfmlproj\sfmlproj\puzzle.cpp(154,42): warning C4244: 'argument': conversion from 'int' to 'float', possible loss of data
E:\coding\project\sfmlproj\sfmlproj\puzzle.cpp(160,49): warning C4244: 'argument': conversion from 'float' to 'T', possible loss of data
          with
          [
              T=int
          ]
E:\coding\project\sfmlproj\sfmlproj\puzzle.cpp(160,42): warning C4244: 'argument': conversion from 'float' to 'T', possible loss of data
          with
          [
              T=int
          ]
  sumgame.cpp
E:\coding\project\sfmlproj\sfmlproj\sumgame.cpp(9,47): warning C4244: 'argument': conversion from 'float' to 'T', possible loss of data
          with
          [
              T=int
          ]
E:\coding\project\sfmlproj\sfmlproj\sumgame.cpp(9,40): warning C4244: 'argument': conversion from 'float' to 'T', possible loss of data
          with
          [
              T=int
          ]
  Generating code
  Previous IPDB not found, fall back to full compilation.
E:\coding\project\sfmlproj\sfmlproj\player.cpp(58): warning C4172: returning address of local variable or temporary: anim_switch
E:\coding\project\sfmlproj\sfmlproj\puzzle.cpp(295): warning C4715: 'puzzle::wordpuzzle': not all control paths return a value
  All 391 functions were compiled because no usable IPDB/IOBJ from previous compilation was found.
  Finished generating code
  sfmlproj.vcxproj -> E:\coding\project\sfmlproj\Release\sfmlproj.exe
