e:\coding\project\sfmlproj\sfmlproj\release\vc143.pdb
e:\coding\project\sfmlproj\sfmlproj\release\sumgame.obj
e:\coding\project\sfmlproj\sfmlproj\release\puzzle.obj
e:\coding\project\sfmlproj\sfmlproj\release\player.obj
e:\coding\project\sfmlproj\sfmlproj\release\mainmenu.obj
e:\coding\project\sfmlproj\sfmlproj\release\main.obj
e:\coding\project\sfmlproj\sfmlproj\release\game.obj
e:\coding\project\sfmlproj\sfmlproj\release\enemy.obj
e:\coding\project\sfmlproj\release\sfmlproj.exe
e:\coding\project\sfmlproj\sfmlproj\release\sfmlproj.ipdb
e:\coding\project\sfmlproj\sfmlproj\release\sfmlproj.iobj
e:\coding\project\sfmlproj\release\sfmlproj.pdb
e:\coding\project\sfmlproj\sfmlproj\release\summain.obj
e:\coding\project\sfmlproj\sfmlproj\release\sfmlproj.tlog\cl.command.1.tlog
e:\coding\project\sfmlproj\sfmlproj\release\sfmlproj.tlog\cl.items.tlog
e:\coding\project\sfmlproj\sfmlproj\release\sfmlproj.tlog\cl.read.1.tlog
e:\coding\project\sfmlproj\sfmlproj\release\sfmlproj.tlog\cl.write.1.tlog
e:\coding\project\sfmlproj\sfmlproj\release\sfmlproj.tlog\link.command.1.tlog
e:\coding\project\sfmlproj\sfmlproj\release\sfmlproj.tlog\link.read.1.tlog
e:\coding\project\sfmlproj\sfmlproj\release\sfmlproj.tlog\link.write.1.tlog
